<?xml version="1.0" encoding="UTF-8"?>
<!-- Generated by org.testng.reporters.JUnitReportReporter -->
<testsuite hostname="DESKTOP-5H4B6MF" failures="0" tests="1" name="tests.BongoTest" time="43.811" errors="0" timestamp="2021-12-29T22:39:10 BDT" skipped="0">
  <testcase classname="tests.BongoTest" name="amazontest" time="43.811"/>
  <system-out/>
</testsuite> <!-- tests.BongoTest -->
